# JRE version: OpenJDK Runtime Environment Temurin-21.0.10+7 (21.0.10+7) (build 21.0.10+7-LTS)
# Java VM: OpenJDK 64-Bit Server VM Temurin-21.0.10+7 (21.0.10+7-LTS, mixed mode, sharing, tiered, compressed oops, compressed class ptrs, g1 gc, windows-amd64)
GC Precious Log:
 CardTable entry size: 512
 Card Set container configuration: InlinePtr #cards 4 size 8 Array Of Cards #cards 32 size 80 Howl #buckets 8 coarsen threshold 7372 Howl Bitmap #cards 1024 size 144 coarsen threshold 921 Card regions per heap region 1 cards per card region 8192
 CPUs: 16 total, 16 available
 Memory: 16109M
 Large Page Support: Disabled
 NUMA Support: Disabled
 Compressed Oops: Enabled (Zero based)
 Heap Region Size: 4M
 Heap Min Capacity: 8M
 Heap Initial Capacity: 252M
 Heap Max Capacity: 8G
 Pre-touch: Disabled
 Parallel Workers: 13
 Concurrent Workers: 3
 Concurrent Refinement Workers: 13
 Periodic GC: Disabled
Heap:
 garbage-first heap   total 233472K, used 153548K [0x0000000600000000, 0x0000000800000000)
  region size 4096K, 3 young (12288K), 2 survivors (8192K)
 Metaspace       used 106015K, committed 108416K, reserved 1179648K
  class space    used 15173K, committed 16384K, reserved 1048576K
GC Heap History (20 events):
Event: 40.362 GC heap before
{Heap before GC invocations=30 (full 0):
 garbage-first heap   total 180224K, used 158757K [0x0000000600000000, 0x0000000800000000)
  region size 4096K, 15 young (61440K), 1 survivors (4096K)
 Metaspace       used 89840K, committed 92096K, reserved 1179648K
  class space    used 12890K, committed 14016K, reserved 1048576K
}
Event: 40.367 GC heap after
{Heap after GC invocations=31 (full 0):
 garbage-first heap   total 180224K, used 110592K [0x0000000600000000, 0x0000000800000000)
  region size 4096K, 2 young (8192K), 2 survivors (8192K)
 Metaspace       used 89840K, committed 92096K, reserved 1179648K
  class space    used 12890K, committed 14016K, reserved 1048576K
}
Event: 41.208 GC heap before
{Heap before GC invocations=32 (full 0):
 garbage-first heap   total 184320K, used 163840K [0x0000000600000000, 0x0000000800000000)
  region size 4096K, 15 young (61440K), 2 survivors (8192K)
 Metaspace       used 93725K, committed 96000K, reserved 1179648K
  class space    used 13463K, committed 14592K, reserved 1048576K
}
Event: 41.213 GC heap after
{Heap after GC invocations=33 (full 0):
 garbage-first heap   total 184320K, used 113504K [0x0000000600000000, 0x0000000800000000)
  region size 4096K, 1 young (4096K), 1 survivors (4096K)
 Metaspace       used 93725K, committed 96000K, reserved 1179648K
  class space    used 13463K, committed 14592K, reserved 1048576K
}
Event: 42.164 GC heap before
{Heap before GC invocations=33 (full 0):
 garbage-first heap   total 184320K, used 166752K [0x0000000600000000, 0x0000000800000000)
  region size 4096K, 14 young (57344K), 1 survivors (4096K)
 Metaspace       used 98127K, committed 100352K, reserved 1179648K
  class space    used 14171K, committed 15296K, reserved 1048576K
}
Event: 42.168 GC heap after
{Heap after GC invocations=34 (full 0):
 garbage-first heap   total 184320K, used 113428K [0x0000000600000000, 0x0000000800000000)
  region size 4096K, 1 young (4096K), 1 survivors (4096K)
 Metaspace       used 98127K, committed 100352K, reserved 1179648K
  class space    used 14171K, committed 15296K, reserved 1048576K
}
Event: 43.079 GC heap before
{Heap before GC invocations=34 (full 0):
 garbage-first heap   total 184320K, used 170772K [0x0000000600000000, 0x0000000800000000)
  region size 4096K, 15 young (61440K), 1 survivors (4096K)
 Metaspace       used 102076K, committed 104384K, reserved 1179648K
  class space    used 14671K, committed 15808K, reserved 1048576K
}
Event: 43.083 GC heap after
{Heap after GC invocations=35 (full 0):
 garbage-first heap   total 184320K, used 116451K [0x0000000600000000, 0x0000000800000000)
  region size 4096K, 2 young (8192K), 2 survivors (8192K)
 Metaspace       used 102076K, committed 104384K, reserved 1179648K
  class space    used 14671K, committed 15808K, reserved 1048576K
}
Event: 43.744 GC heap before
{Heap before GC invocations=36 (full 0):
 garbage-first heap   total 200704K, used 165603K [0x0000000600000000, 0x0000000800000000)
  region size 4096K, 15 young (61440K), 2 survivors (8192K)
 Metaspace       used 103935K, committed 106240K, reserved 1179648K
  class space    used 14833K, committed 16000K, reserved 1048576K
}
Event: 43.749 GC heap after
{Heap after GC invocations=37 (full 0):
 garbage-first heap   total 200704K, used 120334K [0x0000000600000000, 0x0000000800000000)
  region size 4096K, 2 young (8192K), 2 survivors (8192K)
 Metaspace       used 103935K, committed 106240K, reserved 1179648K
  class space    used 14833K, committed 16000K, reserved 1048576K
}
Event: 44.168 GC heap before
{Heap before GC invocations=37 (full 0):
 garbage-first heap   total 200704K, used 181774K [0x0000000600000000, 0x0000000800000000)
  region size 4096K, 18 young (73728K), 2 survivors (8192K)
 Metaspace       used 104543K, committed 106880K, reserved 1179648K
  class space    used 14941K, committed 16128K, reserved 1048576K
}
Event: 44.174 GC heap after
{Heap after GC invocations=38 (full 0):
 garbage-first heap   total 208896K, used 127121K [0x0000000600000000, 0x0000000800000000)
  region size 4096K, 3 young (12288K), 3 survivors (12288K)
 Metaspace       used 104543K, committed 106880K, reserved 1179648K
  class space    used 14941K, committed 16128K, reserved 1048576K
}
Event: 44.925 GC heap before
{Heap before GC invocations=38 (full 0):
 garbage-first heap   total 208896K, used 188561K [0x0000000600000000, 0x0000000800000000)
  region size 4096K, 18 young (73728K), 3 survivors (12288K)
 Metaspace       used 105564K, committed 107968K, reserved 1179648K
  class space    used 15120K, committed 16320K, reserved 1048576K
}
Event: 44.933 GC heap after
{Heap after GC invocations=39 (full 0):
 garbage-first heap   total 212992K, used 134566K [0x0000000600000000, 0x0000000800000000)
  region size 4096K, 2 young (8192K), 2 survivors (8192K)
 Metaspace       used 105564K, committed 107968K, reserved 1179648K
  class space    used 15120K, committed 16320K, reserved 1048576K
}
Event: 45.127 GC heap before
{Heap before GC invocations=40 (full 0):
 garbage-first heap   total 233472K, used 187814K [0x0000000600000000, 0x0000000800000000)
  region size 4096K, 15 young (61440K), 2 survivors (8192K)
 Metaspace       used 105572K, committed 107968K, reserved 1179648K
  class space    used 15120K, committed 16320K, reserved 1048576K
}
Event: 45.133 GC heap after
{Heap after GC invocations=41 (full 0):
 garbage-first heap   total 233472K, used 136710K [0x0000000600000000, 0x0000000800000000)
  region size 4096K, 1 young (4096K), 1 survivors (4096K)
 Metaspace       used 105572K, committed 107968K, reserved 1179648K
  class space    used 15120K, committed 16320K, reserved 1048576K
}
Event: 45.728 GC heap before
{Heap before GC invocations=41 (full 0):
 garbage-first heap   total 233472K, used 206342K [0x0000000600000000, 0x0000000800000000)
  region size 4096K, 19 young (77824K), 1 survivors (4096K)
 Metaspace       used 105816K, committed 108288K, reserved 1179648K
  class space    used 15157K, committed 16384K, reserved 1048576K
}
Event: 45.736 GC heap after
{Heap after GC invocations=42 (full 0):
 garbage-first heap   total 233472K, used 148183K [0x0000000600000000, 0x0000000800000000)
  region size 4096K, 3 young (12288K), 3 survivors (12288K)
 Metaspace       used 105816K, committed 108288K, reserved 1179648K
  class space    used 15157K, committed 16384K, reserved 1048576K
}
Event: 46.033 GC heap before
{Heap before GC invocations=42 (full 0):
 garbage-first heap   total 233472K, used 201431K [0x0000000600000000, 0x0000000800000000)
  region size 4096K, 17 young (69632K), 3 survivors (12288K)
 Metaspace       used 105974K, committed 108416K, reserved 1179648K
  class space    used 15170K, committed 16384K, reserved 1048576K
}
Event: 46.038 GC heap after
{Heap after GC invocations=43 (full 0):
 garbage-first heap   total 233472K, used 153548K [0x0000000600000000, 0x0000000800000000)
  region size 4096K, 2 young (8192K), 2 survivors (8192K)
 Metaspace       used 105974K, committed 108416K, reserved 1179648K
  class space    used 15170K, committed 16384K, reserved 1048576K
}

